<?xml version="1.0" encoding="UTF-8"?>
<!-- Generated by org.testng.reporters.JUnitXMLReporter -->
<testsuite ignored="0" hostname="Jeet" failures="0" tests="1" name="chromebrowser" time="0.072" errors="0" timestamp="2025-06-28T17:35:17 IST">
  <testcase classname="testBase.BaseClass" name="@BeforeClass setup" time="0.016">
    <failure type="java.io.FileNotFoundException" message="*\src\test\resources\config.properties (The filename, directory name, or volume label syntax is incorrect)">
      <![CDATA[java.io.FileNotFoundException: *\src\test\resources\config.properties (The filename, directory name, or volume label syntax is incorrect)
at java.base/java.io.FileInputStream.open0(Native Method)
at java.base/java.io.FileInputStream.open(FileInputStream.java:213)
at java.base/java.io.FileInputStream.<init>(FileInputStream.java:152)
at java.base/java.io.FileInputStream.<init>(FileInputStream.java:106)
at java.base/java.io.FileReader.<init>(FileReader.java:60)
at testBase.BaseClass.setup(BaseClass.java:28)
at java.base/java.util.ArrayList.forEach(ArrayList.java:1596)
... Removed 23 stack frames]]>
    </failure>
  </testcase> <!-- @BeforeClass setup -->
  <testcase classname="testBase.BaseClass" name="@AfterClass tearDown" time="0.0">
    <skipped/>
  </testcase> <!-- @AfterClass tearDown -->
  <testcase classname="testCases.TC001_AccontRegistrationTest" name="verify_Account_Registratio" time="0.0">
    <skipped/>
  </testcase> <!-- verify_Account_Registratio -->
</testsuite> <!-- chromebrowser -->
