<?xml version="1.0" encoding="UTF-8"?>
<testng-results ignored="0" total="2" passed="2" failed="0" skipped="0">
  <reporter-output>
  </reporter-output>
  <suite started-at="2025-08-08T14:26:42 IST" name="Master Suite" finished-at="2025-08-08T14:27:03 IST" duration-ms="21632">
    <groups>
      <group name="Master">
        <method signature="TC001_AccontRegistrationTest.verify_Account_Registratio()[pri:0, instance:testCases.TC001_AccontRegistrationTest@3d74bf60]" name="verify_Account_Registratio" class="testCases.TC001_AccontRegistrationTest"/>
        <method signature="TC002_LoginTest.varifyLogin()[pri:0, instance:testCases.TC002_LoginTest@72f926e6]" name="varifyLogin" class="testCases.TC002_LoginTest"/>
      </group> <!-- Master -->
      <group name="Sanity">
        <method signature="TC001_AccontRegistrationTest.verify_Account_Registratio()[pri:0, instance:testCases.TC001_AccontRegistrationTest@3d74bf60]" name="verify_Account_Registratio" class="testCases.TC001_AccontRegistrationTest"/>
      </group> <!-- Sanity -->
      <group name="Regression">
        <method signature="TC002_LoginTest.varifyLogin()[pri:0, instance:testCases.TC002_LoginTest@72f926e6]" name="varifyLogin" class="testCases.TC002_LoginTest"/>
      </group> <!-- Regression -->
    </groups>
    <test started-at="2025-08-08T14:26:42 IST" name="Test" finished-at="2025-08-08T14:27:03 IST" duration-ms="21632">
      <class name="testCases.TC002_LoginTest">
        <test-method is-config="true" signature="setup(java.lang.String,java.lang.String)[pri:0, instance:testCases.TC002_LoginTest@72f926e6]" started-at="2025-08-08T14:26:51 IST" name="setup" finished-at="2025-08-08T14:26:55 IST" duration-ms="4422" status="PASS">
          <params>
            <param index="0">
              <value>
                <![CDATA[windows]]>
              </value>
            </param>
            <param index="1">
              <value>
                <![CDATA[chrome]]>
              </value>
            </param>
          </params>
          <reporter-output>
          </reporter-output>
        </test-method> <!-- setup -->
        <test-method signature="varifyLogin()[pri:0, instance:testCases.TC002_LoginTest@72f926e6]" started-at="2025-08-08T14:26:55 IST" name="varifyLogin" finished-at="2025-08-08T14:27:01 IST" duration-ms="5777" status="PASS">
          <reporter-output>
          </reporter-output>
        </test-method> <!-- varifyLogin -->
        <test-method is-config="true" signature="tearDown()[pri:0, instance:testCases.TC002_LoginTest@72f926e6]" started-at="2025-08-08T14:27:01 IST" name="tearDown" finished-at="2025-08-08T14:27:03 IST" duration-ms="2233" status="PASS">
          <reporter-output>
          </reporter-output>
        </test-method> <!-- tearDown -->
      </class> <!-- testCases.TC002_LoginTest -->
      <class name="testCases.TC001_AccontRegistrationTest">
        <test-method is-config="true" signature="setup(java.lang.String,java.lang.String)[pri:0, instance:testCases.TC001_AccontRegistrationTest@3d74bf60]" started-at="2025-08-08T14:26:42 IST" name="setup" finished-at="2025-08-08T14:26:46 IST" duration-ms="4398" status="PASS">
          <params>
            <param index="0">
              <value>
                <![CDATA[windows]]>
              </value>
            </param>
            <param index="1">
              <value>
                <![CDATA[chrome]]>
              </value>
            </param>
          </params>
          <reporter-output>
          </reporter-output>
        </test-method> <!-- setup -->
        <test-method signature="verify_Account_Registratio()[pri:0, instance:testCases.TC001_AccontRegistrationTest@3d74bf60]" started-at="2025-08-08T14:26:46 IST" name="verify_Account_Registratio" finished-at="2025-08-08T14:26:49 IST" duration-ms="2261" status="PASS">
          <reporter-output>
          </reporter-output>
        </test-method> <!-- verify_Account_Registratio -->
        <test-method is-config="true" signature="tearDown()[pri:0, instance:testCases.TC001_AccontRegistrationTest@3d74bf60]" started-at="2025-08-08T14:26:49 IST" name="tearDown" finished-at="2025-08-08T14:26:51 IST" duration-ms="2241" status="PASS">
          <reporter-output>
          </reporter-output>
        </test-method> <!-- tearDown -->
      </class> <!-- testCases.TC001_AccontRegistrationTest -->
    </test> <!-- Test -->
  </suite> <!-- Master Suite -->
</testng-results>
